2021-08-15 11:51:04.704  INFO 5612 --- [main] c.e.m.Application                        : Starting Application on DESKTOP-VBFSHBG with PID 5612 (C:\Users\toish\Downloads\EmployeeManagement-master\EmployeeManagement-master\employee-management\target\classes started by toish in C:\Users\toish\Downloads\EmployeeManagement-master\EmployeeManagement-master\employee-management)
2021-08-15 11:51:04.708  INFO 5612 --- [main] c.e.m.Application                        : No active profile set, falling back to default profiles: default
2021-08-15 11:51:04.789  INFO 5612 --- [main] ationConfigEmbeddedWebApplicationContext : Refreshing org.springframework.boot.context.embedded.AnnotationConfigEmbeddedWebApplicationContext@3098cf3b: startup date [Sun Aug 15 11:51:04 IST 2021]; root of context hierarchy
2021-08-15 11:51:06.944  INFO 5612 --- [main] trationDelegate$BeanPostProcessorChecker : Bean 'org.springframework.ws.config.annotation.DelegatingWsConfiguration' of type [class org.springframework.ws.config.annotation.DelegatingWsConfiguration$$EnhancerBySpringCGLIB$$4961ade7] is not eligible for getting processed by all BeanPostProcessors (for example: not eligible for auto-proxying)
2021-08-15 11:51:07.034  INFO 5612 --- [main] .w.s.a.s.AnnotationActionEndpointMapping : Supporting [WS-Addressing August 2004, WS-Addressing 1.0]
2021-08-15 11:51:07.084  INFO 5612 --- [main] trationDelegate$BeanPostProcessorChecker : Bean 'org.springframework.transaction.annotation.ProxyTransactionManagementConfiguration' of type [class org.springframework.transaction.annotation.ProxyTransactionManagementConfiguration$$EnhancerBySpringCGLIB$$a4c9e8e8] is not eligible for getting processed by all BeanPostProcessors (for example: not eligible for auto-proxying)
2021-08-15 11:51:07.788  INFO 5612 --- [main] s.b.c.e.t.TomcatEmbeddedServletContainer : Tomcat initialized with port(s): 8080 (http)
2021-08-15 11:51:07.812  INFO 5612 --- [main] o.a.c.c.StandardService                  : Starting service Tomcat
2021-08-15 11:51:07.815  INFO 5612 --- [main] o.a.c.c.StandardEngine                   : Starting Servlet Engine: Apache Tomcat/8.5.11
2021-08-15 11:51:07.977  INFO 5612 --- [localhost-startStop-1] o.a.c.c.C.[.[.[/]                        : Initializing Spring embedded WebApplicationContext
2021-08-15 11:51:07.978  INFO 5612 --- [localhost-startStop-1] o.s.w.c.ContextLoader                    : Root WebApplicationContext: initialization completed in 3200 ms
2021-08-15 11:51:08.363  INFO 5612 --- [localhost-startStop-1] o.s.b.w.s.ServletRegistrationBean        : Mapping servlet: 'dispatcherServlet' to [/]
2021-08-15 11:51:08.368  INFO 5612 --- [localhost-startStop-1] o.s.b.w.s.ServletRegistrationBean        : Mapping servlet: 'messageDispatcherServlet' to [/services/*]
2021-08-15 11:51:08.373  INFO 5612 --- [localhost-startStop-1] o.s.b.w.s.FilterRegistrationBean         : Mapping filter: 'characterEncodingFilter' to: [/*]
2021-08-15 11:51:08.374  INFO 5612 --- [localhost-startStop-1] o.s.b.w.s.FilterRegistrationBean         : Mapping filter: 'hiddenHttpMethodFilter' to: [/*]
2021-08-15 11:51:08.374  INFO 5612 --- [localhost-startStop-1] o.s.b.w.s.FilterRegistrationBean         : Mapping filter: 'httpPutFormContentFilter' to: [/*]
2021-08-15 11:51:08.375  INFO 5612 --- [localhost-startStop-1] o.s.b.w.s.FilterRegistrationBean         : Mapping filter: 'requestContextFilter' to: [/*]
2021-08-15 11:51:08.776  INFO 5612 --- [main] j.LocalContainerEntityManagerFactoryBean : Building JPA container EntityManagerFactory for persistence unit 'default'
2021-08-15 11:51:12.745  INFO 5612 --- [main] j.LocalContainerEntityManagerFactoryBean : Initialized JPA EntityManagerFactory for persistence unit 'default'
2021-08-15 11:51:13.403  INFO 5612 --- [main] s.w.s.m.m.a.RequestMappingHandlerAdapter : Looking for @ControllerAdvice: org.springframework.boot.context.embedded.AnnotationConfigEmbeddedWebApplicationContext@3098cf3b: startup date [Sun Aug 15 11:51:04 IST 2021]; root of context hierarchy
2021-08-15 11:51:13.530  INFO 5612 --- [main] s.w.s.m.m.a.RequestMappingHandlerMapping : Mapped "{[/departments/{id}],methods=[PUT]}" onto public void com.employee.management.controller.DepartmentController.updateDepartment(com.employee.management.model.Department,int)
2021-08-15 11:51:13.531  INFO 5612 --- [main] s.w.s.m.m.a.RequestMappingHandlerMapping : Mapped "{[/departments/{id}],methods=[GET]}" onto public com.employee.management.model.Department com.employee.management.controller.DepartmentController.getDepartment(int)
2021-08-15 11:51:13.532  INFO 5612 --- [main] s.w.s.m.m.a.RequestMappingHandlerMapping : Mapped "{[/departments],methods=[GET]}" onto public java.util.List<com.employee.management.model.Department> com.employee.management.controller.DepartmentController.getAllDepartment()
2021-08-15 11:51:13.532  INFO 5612 --- [main] s.w.s.m.m.a.RequestMappingHandlerMapping : Mapped "{[/departments],methods=[POST]}" onto public void com.employee.management.controller.DepartmentController.addDepartment(com.employee.management.model.Department)
2021-08-15 11:51:13.533  INFO 5612 --- [main] s.w.s.m.m.a.RequestMappingHandlerMapping : Mapped "{[/departments],methods=[DELETE]}" onto public void com.employee.management.controller.DepartmentController.deleteAllDepartments()
2021-08-15 11:51:13.533  INFO 5612 --- [main] s.w.s.m.m.a.RequestMappingHandlerMapping : Mapped "{[/departments/{id}],methods=[DELETE]}" onto public void com.employee.management.controller.DepartmentController.deleteDepartmentByID(com.employee.management.model.Department,int)
2021-08-15 11:51:13.534  INFO 5612 --- [main] s.w.s.m.m.a.RequestMappingHandlerMapping : Mapped "{[/departments/{id}],methods=[PATCH]}" onto public void com.employee.management.controller.DepartmentController.patchDepartmentByID(com.employee.management.model.Department,int)
2021-08-15 11:51:13.536  INFO 5612 --- [main] s.w.s.m.m.a.RequestMappingHandlerMapping : Mapped "{[/employees],methods=[POST]}" onto public void com.employee.management.controller.EmployeeController.addEmployees(com.employee.management.model.Employee)
2021-08-15 11:51:13.536  INFO 5612 --- [main] s.w.s.m.m.a.RequestMappingHandlerMapping : Mapped "{[/employees],methods=[GET]}" onto public java.util.List<com.employee.management.model.Employee> com.employee.management.controller.EmployeeController.getAllEmployee()
2021-08-15 11:51:13.536  INFO 5612 --- [main] s.w.s.m.m.a.RequestMappingHandlerMapping : Mapped "{[/employees/{id}],methods=[PUT]}" onto public void com.employee.management.controller.EmployeeController.updateEmployee(com.employee.management.model.Employee,int)
2021-08-15 11:51:13.537  INFO 5612 --- [main] s.w.s.m.m.a.RequestMappingHandlerMapping : Mapped "{[/employees/{id}],methods=[GET]}" onto public com.employee.management.model.Employee com.employee.management.controller.EmployeeController.getEmployee(int)
2021-08-15 11:51:13.537  INFO 5612 --- [main] s.w.s.m.m.a.RequestMappingHandlerMapping : Mapped "{[/employees],methods=[DELETE]}" onto public void com.employee.management.controller.EmployeeController.deleteAllEmployees()
2021-08-15 11:51:13.538  INFO 5612 --- [main] s.w.s.m.m.a.RequestMappingHandlerMapping : Mapped "{[/employees/{id}],methods=[DELETE]}" onto public void com.employee.management.controller.EmployeeController.deleteEmployeeByID(com.employee.management.model.Employee,int)
2021-08-15 11:51:13.538  INFO 5612 --- [main] s.w.s.m.m.a.RequestMappingHandlerMapping : Mapped "{[/employees/{id}],methods=[PATCH]}" onto public void com.employee.management.controller.EmployeeController.patchEmployeeByID(com.employee.management.model.Employee,int)
2021-08-15 11:51:13.541  INFO 5612 --- [main] s.w.s.m.m.a.RequestMappingHandlerMapping : Mapped "{[/error]}" onto public org.springframework.http.ResponseEntity<java.util.Map<java.lang.String, java.lang.Object>> org.springframework.boot.autoconfigure.web.BasicErrorController.error(javax.servlet.http.HttpServletRequest)
2021-08-15 11:51:13.541  INFO 5612 --- [main] s.w.s.m.m.a.RequestMappingHandlerMapping : Mapped "{[/error],produces=[text/html]}" onto public org.springframework.web.servlet.ModelAndView org.springframework.boot.autoconfigure.web.BasicErrorController.errorHtml(javax.servlet.http.HttpServletRequest,javax.servlet.http.HttpServletResponse)
2021-08-15 11:51:13.601  INFO 5612 --- [main] o.s.w.s.h.SimpleUrlHandlerMapping        : Mapped URL path [/webjars/**] onto handler of type [class org.springframework.web.servlet.resource.ResourceHttpRequestHandler]
2021-08-15 11:51:13.602  INFO 5612 --- [main] o.s.w.s.h.SimpleUrlHandlerMapping        : Mapped URL path [/**] onto handler of type [class org.springframework.web.servlet.resource.ResourceHttpRequestHandler]
2021-08-15 11:51:13.654  INFO 5612 --- [main] o.s.w.s.h.SimpleUrlHandlerMapping        : Mapped URL path [/**/favicon.ico] onto handler of type [class org.springframework.web.servlet.resource.ResourceHttpRequestHandler]
2021-08-15 11:51:14.080  WARN 5612 --- [main] arterDeprecationWarningAutoConfiguration : spring-boot-starter-ws is deprecated as of Spring Boot 1.4, please migrate to spring-boot-starter-web-services
2021-08-15 11:51:14.207  INFO 5612 --- [main] o.s.j.e.a.AnnotationMBeanExporter        : Registering beans for JMX exposure on startup
2021-08-15 11:51:14.318  INFO 5612 --- [main] s.b.c.e.t.TomcatEmbeddedServletContainer : Tomcat started on port(s): 8080 (http)
2021-08-15 11:51:14.328  INFO 5612 --- [main] c.e.m.Application                        : Started Application in 10.483 seconds (JVM running for 13.07)
2021-08-15 11:51:28.103  INFO 5612 --- [http-nio-8080-exec-1] o.a.c.c.C.[.[.[/]                        : Initializing Spring FrameworkServlet 'dispatcherServlet'
2021-08-15 11:51:28.103  INFO 5612 --- [http-nio-8080-exec-1] o.s.w.s.DispatcherServlet                : FrameworkServlet 'dispatcherServlet': initialization started
2021-08-15 11:51:28.153  INFO 5612 --- [http-nio-8080-exec-1] o.s.w.s.DispatcherServlet                : FrameworkServlet 'dispatcherServlet': initialization completed in 48 ms
2021-08-15 11:57:23.321 ERROR 5612 --- [http-nio-8080-exec-2] o.h.e.j.s.SqlExceptionHelper             : Cannot add or update a child row: a foreign key constraint fails (`employeemanagementsystem`.`employee`, CONSTRAINT `FKbejtwvg9bxus2mffsm3swj3u9` FOREIGN KEY (`department_id`) REFERENCES `department` (`department_id`))
2021-08-15 11:57:23.380 ERROR 5612 --- [http-nio-8080-exec-2] o.a.c.c.C.[.[.[.[dispatcherServlet]      : Servlet.service() for servlet [dispatcherServlet] in context with path [] threw exception [Request processing failed; nested exception is org.springframework.dao.DataIntegrityViolationException: could not execute statement; SQL [n/a]; constraint [null]; nested exception is org.hibernate.exception.ConstraintViolationException: could not execute statement] with root cause

com.mysql.jdbc.exceptions.jdbc4.MySQLIntegrityConstraintViolationException: Cannot add or update a child row: a foreign key constraint fails (`employeemanagementsystem`.`employee`, CONSTRAINT `FKbejtwvg9bxus2mffsm3swj3u9` FOREIGN KEY (`department_id`) REFERENCES `department` (`department_id`))
	at sun.reflect.NativeConstructorAccessorImpl.newInstance0(Native Method) ~[?:1.8.0_201]
	at sun.reflect.NativeConstructorAccessorImpl.newInstance(NativeConstructorAccessorImpl.java:62) ~[?:1.8.0_201]
	at sun.reflect.DelegatingConstructorAccessorImpl.newInstance(DelegatingConstructorAccessorImpl.java:45) ~[?:1.8.0_201]
	at java.lang.reflect.Constructor.newInstance(Constructor.java:423) ~[?:1.8.0_201]
	at com.mysql.jdbc.Util.handleNewInstance(Util.java:425) ~[mysql-connector-java-5.1.40.jar:5.1.40]
	at com.mysql.jdbc.Util.getInstance(Util.java:408) ~[mysql-connector-java-5.1.40.jar:5.1.40]
	at com.mysql.jdbc.SQLError.createSQLException(SQLError.java:935) ~[mysql-connector-java-5.1.40.jar:5.1.40]
	at com.mysql.jdbc.MysqlIO.checkErrorPacket(MysqlIO.java:3970) ~[mysql-connector-java-5.1.40.jar:5.1.40]
	at com.mysql.jdbc.MysqlIO.checkErrorPacket(MysqlIO.java:3906) ~[mysql-connector-java-5.1.40.jar:5.1.40]
	at com.mysql.jdbc.MysqlIO.sendCommand(MysqlIO.java:2524) ~[mysql-connector-java-5.1.40.jar:5.1.40]
	at com.mysql.jdbc.MysqlIO.sqlQueryDirect(MysqlIO.java:2677) ~[mysql-connector-java-5.1.40.jar:5.1.40]
	at com.mysql.jdbc.ConnectionImpl.execSQL(ConnectionImpl.java:2549) ~[mysql-connector-java-5.1.40.jar:5.1.40]
	at com.mysql.jdbc.PreparedStatement.executeInternal(PreparedStatement.java:1861) ~[mysql-connector-java-5.1.40.jar:5.1.40]
	at com.mysql.jdbc.PreparedStatement.executeUpdateInternal(PreparedStatement.java:2073) ~[mysql-connector-java-5.1.40.jar:5.1.40]
	at com.mysql.jdbc.PreparedStatement.executeUpdateInternal(PreparedStatement.java:2009) ~[mysql-connector-java-5.1.40.jar:5.1.40]
	at com.mysql.jdbc.PreparedStatement.executeLargeUpdate(PreparedStatement.java:5098) ~[mysql-connector-java-5.1.40.jar:5.1.40]
	at com.mysql.jdbc.PreparedStatement.executeUpdate(PreparedStatement.java:1994) ~[mysql-connector-java-5.1.40.jar:5.1.40]
	at org.hibernate.engine.jdbc.internal.ResultSetReturnImpl.executeUpdate(ResultSetReturnImpl.java:204) ~[hibernate-core-5.0.11.Final.jar:5.0.11.Final]
	at org.hibernate.dialect.identity.GetGeneratedKeysDelegate.executeAndExtract(GetGeneratedKeysDelegate.java:57) ~[hibernate-core-5.0.11.Final.jar:5.0.11.Final]
	at org.hibernate.id.insert.AbstractReturningDelegate.performInsert(AbstractReturningDelegate.java:42) ~[hibernate-core-5.0.11.Final.jar:5.0.11.Final]
	at org.hibernate.persister.entity.AbstractEntityPersister.insert(AbstractEntityPersister.java:2803) ~[hibernate-core-5.0.11.Final.jar:5.0.11.Final]
	at org.hibernate.persister.entity.AbstractEntityPersister.insert(AbstractEntityPersister.java:3374) ~[hibernate-core-5.0.11.Final.jar:5.0.11.Final]
	at org.hibernate.action.internal.EntityIdentityInsertAction.execute(EntityIdentityInsertAction.java:81) ~[hibernate-core-5.0.11.Final.jar:5.0.11.Final]
	at org.hibernate.engine.spi.ActionQueue.execute(ActionQueue.java:619) ~[hibernate-core-5.0.11.Final.jar:5.0.11.Final]
	at org.hibernate.engine.spi.ActionQueue.addResolvedEntityInsertAction(ActionQueue.java:273) ~[hibernate-core-5.0.11.Final.jar:5.0.11.Final]
	at org.hibernate.engine.spi.ActionQueue.addInsertAction(ActionQueue.java:254) ~[hibernate-core-5.0.11.Final.jar:5.0.11.Final]
	at org.hibernate.engine.spi.ActionQueue.addAction(ActionQueue.java:299) ~[hibernate-core-5.0.11.Final.jar:5.0.11.Final]
	at org.hibernate.event.internal.AbstractSaveEventListener.addInsertAction(AbstractSaveEventListener.java:317) ~[hibernate-core-5.0.11.Final.jar:5.0.11.Final]
	at org.hibernate.event.internal.AbstractSaveEventListener.performSaveOrReplicate(AbstractSaveEventListener.java:272) ~[hibernate-core-5.0.11.Final.jar:5.0.11.Final]
	at org.hibernate.event.internal.AbstractSaveEventListener.performSave(AbstractSaveEventListener.java:178) ~[hibernate-core-5.0.11.Final.jar:5.0.11.Final]
	at org.hibernate.event.internal.AbstractSaveEventListener.saveWithGeneratedId(AbstractSaveEventListener.java:109) ~[hibernate-core-5.0.11.Final.jar:5.0.11.Final]
	at org.hibernate.jpa.event.internal.core.JpaPersistEventListener.saveWithGeneratedId(JpaPersistEventListener.java:67) ~[hibernate-entitymanager-5.0.11.Final.jar:5.0.11.Final]
	at org.hibernate.event.internal.DefaultPersistEventListener.entityIsTransient(DefaultPersistEventListener.java:189) ~[hibernate-core-5.0.11.Final.jar:5.0.11.Final]
	at org.hibernate.event.internal.DefaultPersistEventListener.onPersist(DefaultPersistEventListener.java:132) ~[hibernate-core-5.0.11.Final.jar:5.0.11.Final]
	at org.hibernate.event.internal.DefaultPersistEventListener.onPersist(DefaultPersistEventListener.java:58) ~[hibernate-core-5.0.11.Final.jar:5.0.11.Final]
	at org.hibernate.internal.SessionImpl.firePersist(SessionImpl.java:775) ~[hibernate-core-5.0.11.Final.jar:5.0.11.Final]
	at org.hibernate.internal.SessionImpl.persist(SessionImpl.java:748) ~[hibernate-core-5.0.11.Final.jar:5.0.11.Final]
	at org.hibernate.internal.SessionImpl.persist(SessionImpl.java:753) ~[hibernate-core-5.0.11.Final.jar:5.0.11.Final]
	at org.hibernate.jpa.spi.AbstractEntityManagerImpl.persist(AbstractEntityManagerImpl.java:1146) ~[hibernate-entitymanager-5.0.11.Final.jar:5.0.11.Final]
	at sun.reflect.NativeMethodAccessorImpl.invoke0(Native Method) ~[?:1.8.0_201]
	at sun.reflect.NativeMethodAccessorImpl.invoke(NativeMethodAccessorImpl.java:62) ~[?:1.8.0_201]
	at sun.reflect.DelegatingMethodAccessorImpl.invoke(DelegatingMethodAccessorImpl.java:43) ~[?:1.8.0_201]
	at java.lang.reflect.Method.invoke(Method.java:498) ~[?:1.8.0_201]
	at org.springframework.orm.jpa.ExtendedEntityManagerCreator$ExtendedEntityManagerInvocationHandler.invoke(ExtendedEntityManagerCreator.java:347) ~[spring-orm-4.3.6.RELEASE.jar:4.3.6.RELEASE]
	at com.sun.proxy.$Proxy101.persist(Unknown Source) ~[?:?]
	at sun.reflect.NativeMethodAccessorImpl.invoke0(Native Method) ~[?:1.8.0_201]
	at sun.reflect.NativeMethodAccessorImpl.invoke(NativeMethodAccessorImpl.java:62) ~[?:1.8.0_201]
	at sun.reflect.DelegatingMethodAccessorImpl.invoke(DelegatingMethodAccessorImpl.java:43) ~[?:1.8.0_201]
	at java.lang.reflect.Method.invoke(Method.java:498) ~[?:1.8.0_201]
	at org.springframework.orm.jpa.SharedEntityManagerCreator$SharedEntityManagerInvocationHandler.invoke(SharedEntityManagerCreator.java:298) ~[spring-orm-4.3.6.RELEASE.jar:4.3.6.RELEASE]
	at com.sun.proxy.$Proxy101.persist(Unknown Source) ~[?:?]
	at org.springframework.data.jpa.repository.support.SimpleJpaRepository.save(SimpleJpaRepository.java:506) ~[spring-data-jpa-1.10.7.RELEASE.jar:?]
	at sun.reflect.NativeMethodAccessorImpl.invoke0(Native Method) ~[?:1.8.0_201]
	at sun.reflect.NativeMethodAccessorImpl.invoke(NativeMethodAccessorImpl.java:62) ~[?:1.8.0_201]
	at sun.reflect.DelegatingMethodAccessorImpl.invoke(DelegatingMethodAccessorImpl.java:43) ~[?:1.8.0_201]
	at java.lang.reflect.Method.invoke(Method.java:498) ~[?:1.8.0_201]
	at org.springframework.data.repository.core.support.RepositoryFactorySupport$QueryExecutorMethodInterceptor.executeMethodOn(RepositoryFactorySupport.java:503) ~[spring-data-commons-1.12.7.RELEASE.jar:?]
	at org.springframework.data.repository.core.support.RepositoryFactorySupport$QueryExecutorMethodInterceptor.doInvoke(RepositoryFactorySupport.java:488) ~[spring-data-commons-1.12.7.RELEASE.jar:?]
	at org.springframework.data.repository.core.support.RepositoryFactorySupport$QueryExecutorMethodInterceptor.invoke(RepositoryFactorySupport.java:460) ~[spring-data-commons-1.12.7.RELEASE.jar:?]
	at org.springframework.aop.framework.ReflectiveMethodInvocation.proceed(ReflectiveMethodInvocation.java:179) ~[spring-aop-4.3.6.RELEASE.jar:4.3.6.RELEASE]
	at org.springframework.data.projection.DefaultMethodInvokingMethodInterceptor.invoke(DefaultMethodInvokingMethodInterceptor.java:61) ~[spring-data-commons-1.12.7.RELEASE.jar:?]
	at org.springframework.aop.framework.ReflectiveMethodInvocation.proceed(ReflectiveMethodInvocation.java:179) ~[spring-aop-4.3.6.RELEASE.jar:4.3.6.RELEASE]
	at org.springframework.transaction.interceptor.TransactionInterceptor$1.proceedWithInvocation(TransactionInterceptor.java:99) ~[spring-tx-4.3.6.RELEASE.jar:4.3.6.RELEASE]
	at org.springframework.transaction.interceptor.TransactionAspectSupport.invokeWithinTransaction(TransactionAspectSupport.java:282) ~[spring-tx-4.3.6.RELEASE.jar:4.3.6.RELEASE]
	at org.springframework.transaction.interceptor.TransactionInterceptor.invoke(TransactionInterceptor.java:96) ~[spring-tx-4.3.6.RELEASE.jar:4.3.6.RELEASE]
	at org.springframework.aop.framework.ReflectiveMethodInvocation.proceed(ReflectiveMethodInvocation.java:179) ~[spring-aop-4.3.6.RELEASE.jar:4.3.6.RELEASE]
	at org.springframework.dao.support.PersistenceExceptionTranslationInterceptor.invoke(PersistenceExceptionTranslationInterceptor.java:136) ~[spring-tx-4.3.6.RELEASE.jar:4.3.6.RELEASE]
	at org.springframework.aop.framework.ReflectiveMethodInvocation.proceed(ReflectiveMethodInvocation.java:179) ~[spring-aop-4.3.6.RELEASE.jar:4.3.6.RELEASE]
	at org.springframework.data.jpa.repository.support.CrudMethodMetadataPostProcessor$CrudMethodMetadataPopulatingMethodInterceptor.invoke(CrudMethodMetadataPostProcessor.java:133) ~[spring-data-jpa-1.10.7.RELEASE.jar:?]
	at org.springframework.aop.framework.ReflectiveMethodInvocation.proceed(ReflectiveMethodInvocation.java:179) ~[spring-aop-4.3.6.RELEASE.jar:4.3.6.RELEASE]
	at org.springframework.aop.interceptor.ExposeInvocationInterceptor.invoke(ExposeInvocationInterceptor.java:92) ~[spring-aop-4.3.6.RELEASE.jar:4.3.6.RELEASE]
	at org.springframework.aop.framework.ReflectiveMethodInvocation.proceed(ReflectiveMethodInvocation.java:179) ~[spring-aop-4.3.6.RELEASE.jar:4.3.6.RELEASE]
	at org.springframework.aop.framework.JdkDynamicAopProxy.invoke(JdkDynamicAopProxy.java:213) ~[spring-aop-4.3.6.RELEASE.jar:4.3.6.RELEASE]
	at com.sun.proxy.$Proxy107.save(Unknown Source) ~[?:?]
	at com.employee.management.service.EmployeeService.addEmployee(EmployeeService.java:29) ~[classes/:?]
	at com.employee.management.controller.EmployeeController.addEmployees(EmployeeController.java:43) ~[classes/:?]
	at sun.reflect.NativeMethodAccessorImpl.invoke0(Native Method) ~[?:1.8.0_201]
	at sun.reflect.NativeMethodAccessorImpl.invoke(NativeMethodAccessorImpl.java:62) ~[?:1.8.0_201]
	at sun.reflect.DelegatingMethodAccessorImpl.invoke(DelegatingMethodAccessorImpl.java:43) ~[?:1.8.0_201]
	at java.lang.reflect.Method.invoke(Method.java:498) ~[?:1.8.0_201]
	at org.springframework.web.method.support.InvocableHandlerMethod.doInvoke(InvocableHandlerMethod.java:205) ~[spring-web-4.3.6.RELEASE.jar:4.3.6.RELEASE]
	at org.springframework.web.method.support.InvocableHandlerMethod.invokeForRequest(InvocableHandlerMethod.java:133) ~[spring-web-4.3.6.RELEASE.jar:4.3.6.RELEASE]
	at org.springframework.web.servlet.mvc.method.annotation.ServletInvocableHandlerMethod.invokeAndHandle(ServletInvocableHandlerMethod.java:116) ~[spring-webmvc-4.3.6.RELEASE.jar:4.3.6.RELEASE]
	at org.springframework.web.servlet.mvc.method.annotation.RequestMappingHandlerAdapter.invokeHandlerMethod(RequestMappingHandlerAdapter.java:827) ~[spring-webmvc-4.3.6.RELEASE.jar:4.3.6.RELEASE]
	at org.springframework.web.servlet.mvc.method.annotation.RequestMappingHandlerAdapter.handleInternal(RequestMappingHandlerAdapter.java:738) ~[spring-webmvc-4.3.6.RELEASE.jar:4.3.6.RELEASE]
	at org.springframework.web.servlet.mvc.method.AbstractHandlerMethodAdapter.handle(AbstractHandlerMethodAdapter.java:85) ~[spring-webmvc-4.3.6.RELEASE.jar:4.3.6.RELEASE]
	at org.springframework.web.servlet.DispatcherServlet.doDispatch(DispatcherServlet.java:963) ~[spring-webmvc-4.3.6.RELEASE.jar:4.3.6.RELEASE]
	at org.springframework.web.servlet.DispatcherServlet.doService(DispatcherServlet.java:897) ~[spring-webmvc-4.3.6.RELEASE.jar:4.3.6.RELEASE]
	at org.springframework.web.servlet.FrameworkServlet.processRequest(FrameworkServlet.java:970) ~[spring-webmvc-4.3.6.RELEASE.jar:4.3.6.RELEASE]
	at org.springframework.web.servlet.FrameworkServlet.doPost(FrameworkServlet.java:872) ~[spring-webmvc-4.3.6.RELEASE.jar:4.3.6.RELEASE]
	at javax.servlet.http.HttpServlet.service(HttpServlet.java:648) ~[tomcat-embed-core-8.5.11.jar:8.5.11]
	at org.springframework.web.servlet.FrameworkServlet.service(FrameworkServlet.java:846) ~[spring-webmvc-4.3.6.RELEASE.jar:4.3.6.RELEASE]
	at javax.servlet.http.HttpServlet.service(HttpServlet.java:729) ~[tomcat-embed-core-8.5.11.jar:8.5.11]
	at org.apache.catalina.core.ApplicationFilterChain.internalDoFilter(ApplicationFilterChain.java:230) ~[tomcat-embed-core-8.5.11.jar:8.5.11]
	at org.apache.catalina.core.ApplicationFilterChain.doFilter(ApplicationFilterChain.java:165) ~[tomcat-embed-core-8.5.11.jar:8.5.11]
	at org.apache.tomcat.websocket.server.WsFilter.doFilter(WsFilter.java:52) ~[tomcat-embed-websocket-8.5.11.jar:8.5.11]
	at org.apache.catalina.core.ApplicationFilterChain.internalDoFilter(ApplicationFilterChain.java:192) ~[tomcat-embed-core-8.5.11.jar:8.5.11]
	at org.apache.catalina.core.ApplicationFilterChain.doFilter(ApplicationFilterChain.java:165) ~[tomcat-embed-core-8.5.11.jar:8.5.11]
	at org.springframework.web.filter.RequestContextFilter.doFilterInternal(RequestContextFilter.java:99) ~[spring-web-4.3.6.RELEASE.jar:4.3.6.RELEASE]
	at org.springframework.web.filter.OncePerRequestFilter.doFilter(OncePerRequestFilter.java:107) ~[spring-web-4.3.6.RELEASE.jar:4.3.6.RELEASE]
	at org.apache.catalina.core.ApplicationFilterChain.internalDoFilter(ApplicationFilterChain.java:192) ~[tomcat-embed-core-8.5.11.jar:8.5.11]
	at org.apache.catalina.core.ApplicationFilterChain.doFilter(ApplicationFilterChain.java:165) ~[tomcat-embed-core-8.5.11.jar:8.5.11]
	at org.springframework.web.filter.HttpPutFormContentFilter.doFilterInternal(HttpPutFormContentFilter.java:105) ~[spring-web-4.3.6.RELEASE.jar:4.3.6.RELEASE]
	at org.springframework.web.filter.OncePerRequestFilter.doFilter(OncePerRequestFilter.java:107) ~[spring-web-4.3.6.RELEASE.jar:4.3.6.RELEASE]
	at org.apache.catalina.core.ApplicationFilterChain.internalDoFilter(ApplicationFilterChain.java:192) ~[tomcat-embed-core-8.5.11.jar:8.5.11]
	at org.apache.catalina.core.ApplicationFilterChain.doFilter(ApplicationFilterChain.java:165) ~[tomcat-embed-core-8.5.11.jar:8.5.11]
	at org.springframework.web.filter.HiddenHttpMethodFilter.doFilterInternal(HiddenHttpMethodFilter.java:81) ~[spring-web-4.3.6.RELEASE.jar:4.3.6.RELEASE]
	at org.springframework.web.filter.OncePerRequestFilter.doFilter(OncePerRequestFilter.java:107) ~[spring-web-4.3.6.RELEASE.jar:4.3.6.RELEASE]
	at org.apache.catalina.core.ApplicationFilterChain.internalDoFilter(ApplicationFilterChain.java:192) ~[tomcat-embed-core-8.5.11.jar:8.5.11]
	at org.apache.catalina.core.ApplicationFilterChain.doFilter(ApplicationFilterChain.java:165) ~[tomcat-embed-core-8.5.11.jar:8.5.11]
	at org.springframework.web.filter.CharacterEncodingFilter.doFilterInternal(CharacterEncodingFilter.java:197) ~[spring-web-4.3.6.RELEASE.jar:4.3.6.RELEASE]
	at org.springframework.web.filter.OncePerRequestFilter.doFilter(OncePerRequestFilter.java:107) ~[spring-web-4.3.6.RELEASE.jar:4.3.6.RELEASE]
	at org.apache.catalina.core.ApplicationFilterChain.internalDoFilter(ApplicationFilterChain.java:192) ~[tomcat-embed-core-8.5.11.jar:8.5.11]
	at org.apache.catalina.core.ApplicationFilterChain.doFilter(ApplicationFilterChain.java:165) ~[tomcat-embed-core-8.5.11.jar:8.5.11]
	at org.apache.catalina.core.StandardWrapperValve.invoke(StandardWrapperValve.java:198) [tomcat-embed-core-8.5.11.jar:8.5.11]
	at org.apache.catalina.core.StandardContextValve.invoke(StandardContextValve.java:96) [tomcat-embed-core-8.5.11.jar:8.5.11]
	at org.apache.catalina.authenticator.AuthenticatorBase.invoke(AuthenticatorBase.java:474) [tomcat-embed-core-8.5.11.jar:8.5.11]
	at org.apache.catalina.core.StandardHostValve.invoke(StandardHostValve.java:140) [tomcat-embed-core-8.5.11.jar:8.5.11]
	at org.apache.catalina.valves.ErrorReportValve.invoke(ErrorReportValve.java:79) [tomcat-embed-core-8.5.11.jar:8.5.11]
	at org.apache.catalina.core.StandardEngineValve.invoke(StandardEngineValve.java:87) [tomcat-embed-core-8.5.11.jar:8.5.11]
	at org.apache.catalina.connector.CoyoteAdapter.service(CoyoteAdapter.java:349) [tomcat-embed-core-8.5.11.jar:8.5.11]
	at org.apache.coyote.http11.Http11Processor.service(Http11Processor.java:783) [tomcat-embed-core-8.5.11.jar:8.5.11]
	at org.apache.coyote.AbstractProcessorLight.process(AbstractProcessorLight.java:66) [tomcat-embed-core-8.5.11.jar:8.5.11]
	at org.apache.coyote.AbstractProtocol$ConnectionHandler.process(AbstractProtocol.java:798) [tomcat-embed-core-8.5.11.jar:8.5.11]
	at org.apache.tomcat.util.net.NioEndpoint$SocketProcessor.doRun(NioEndpoint.java:1434) [tomcat-embed-core-8.5.11.jar:8.5.11]
	at org.apache.tomcat.util.net.SocketProcessorBase.run(SocketProcessorBase.java:49) [tomcat-embed-core-8.5.11.jar:8.5.11]
	at java.util.concurrent.ThreadPoolExecutor.runWorker(ThreadPoolExecutor.java:1149) [?:1.8.0_201]
	at java.util.concurrent.ThreadPoolExecutor$Worker.run(ThreadPoolExecutor.java:624) [?:1.8.0_201]
	at org.apache.tomcat.util.threads.TaskThread$WrappingRunnable.run(TaskThread.java:61) [tomcat-embed-core-8.5.11.jar:8.5.11]
	at java.lang.Thread.run(Thread.java:748) [?:1.8.0_201]

2021-08-15 12:01:41.718  WARN 5612 --- [http-nio-8080-exec-9] .w.s.m.s.DefaultHandlerExceptionResolver : Failed to read HTTP message: org.springframework.http.converter.HttpMessageNotReadableException: Required request body is missing: public void com.employee.management.controller.EmployeeController.deleteEmployeeByID(com.employee.management.model.Employee,int)
2021-08-15 12:02:37.423  INFO 5612 --- [RMI TCP Connection(2)-127.0.0.1] inMXBeanRegistrar$SpringApplicationAdmin : Application shutdown requested.
2021-08-15 12:02:37.423  INFO 5612 --- [RMI TCP Connection(2)-127.0.0.1] ationConfigEmbeddedWebApplicationContext : Closing org.springframework.boot.context.embedded.AnnotationConfigEmbeddedWebApplicationContext@3098cf3b: startup date [Sun Aug 15 11:51:04 IST 2021]; root of context hierarchy
2021-08-15 12:02:37.425  INFO 5612 --- [RMI TCP Connection(2)-127.0.0.1] o.s.j.e.a.AnnotationMBeanExporter        : Unregistering JMX-exposed beans on shutdown
2021-08-15 12:02:37.427  INFO 5612 --- [RMI TCP Connection(2)-127.0.0.1] j.LocalContainerEntityManagerFactoryBean : Closing JPA EntityManagerFactory for persistence unit 'default'
2021-08-15 12:03:11.870  INFO 8488 --- [main] c.e.m.Application                        : Starting Application on DESKTOP-VBFSHBG with PID 8488 (C:\Users\toish\Downloads\EmployeeManagement-master\EmployeeManagement-master\employee-management\target\classes started by toish in C:\Users\toish\Downloads\EmployeeManagement-master\EmployeeManagement-master\employee-management)
2021-08-15 12:03:11.873  INFO 8488 --- [main] c.e.m.Application                        : No active profile set, falling back to default profiles: default
2021-08-15 12:03:11.952  INFO 8488 --- [main] ationConfigEmbeddedWebApplicationContext : Refreshing org.springframework.boot.context.embedded.AnnotationConfigEmbeddedWebApplicationContext@3098cf3b: startup date [Sun Aug 15 12:03:11 IST 2021]; root of context hierarchy
2021-08-15 12:03:14.084  INFO 8488 --- [main] trationDelegate$BeanPostProcessorChecker : Bean 'org.springframework.ws.config.annotation.DelegatingWsConfiguration' of type [class org.springframework.ws.config.annotation.DelegatingWsConfiguration$$EnhancerBySpringCGLIB$$4961ade7] is not eligible for getting processed by all BeanPostProcessors (for example: not eligible for auto-proxying)
2021-08-15 12:03:14.183  INFO 8488 --- [main] .w.s.a.s.AnnotationActionEndpointMapping : Supporting [WS-Addressing August 2004, WS-Addressing 1.0]
2021-08-15 12:03:14.238  INFO 8488 --- [main] trationDelegate$BeanPostProcessorChecker : Bean 'org.springframework.transaction.annotation.ProxyTransactionManagementConfiguration' of type [class org.springframework.transaction.annotation.ProxyTransactionManagementConfiguration$$EnhancerBySpringCGLIB$$a4c9e8e8] is not eligible for getting processed by all BeanPostProcessors (for example: not eligible for auto-proxying)
2021-08-15 12:03:15.020  INFO 8488 --- [main] s.b.c.e.t.TomcatEmbeddedServletContainer : Tomcat initialized with port(s): 8080 (http)
2021-08-15 12:03:15.042  INFO 8488 --- [main] o.a.c.c.StandardService                  : Starting service Tomcat
2021-08-15 12:03:15.046  INFO 8488 --- [main] o.a.c.c.StandardEngine                   : Starting Servlet Engine: Apache Tomcat/8.5.11
2021-08-15 12:03:15.189  INFO 8488 --- [localhost-startStop-1] o.a.c.c.C.[.[.[/]                        : Initializing Spring embedded WebApplicationContext
2021-08-15 12:03:15.189  INFO 8488 --- [localhost-startStop-1] o.s.w.c.ContextLoader                    : Root WebApplicationContext: initialization completed in 3243 ms
2021-08-15 12:03:15.574  INFO 8488 --- [localhost-startStop-1] o.s.b.w.s.ServletRegistrationBean        : Mapping servlet: 'dispatcherServlet' to [/]
2021-08-15 12:03:15.579  INFO 8488 --- [localhost-startStop-1] o.s.b.w.s.ServletRegistrationBean        : Mapping servlet: 'messageDispatcherServlet' to [/services/*]
2021-08-15 12:03:15.583  INFO 8488 --- [localhost-startStop-1] o.s.b.w.s.FilterRegistrationBean         : Mapping filter: 'characterEncodingFilter' to: [/*]
2021-08-15 12:03:15.584  INFO 8488 --- [localhost-startStop-1] o.s.b.w.s.FilterRegistrationBean         : Mapping filter: 'hiddenHttpMethodFilter' to: [/*]
2021-08-15 12:03:15.584  INFO 8488 --- [localhost-startStop-1] o.s.b.w.s.FilterRegistrationBean         : Mapping filter: 'httpPutFormContentFilter' to: [/*]
2021-08-15 12:03:15.584  INFO 8488 --- [localhost-startStop-1] o.s.b.w.s.FilterRegistrationBean         : Mapping filter: 'requestContextFilter' to: [/*]
2021-08-15 12:03:15.990  INFO 8488 --- [main] j.LocalContainerEntityManagerFactoryBean : Building JPA container EntityManagerFactory for persistence unit 'default'
2021-08-15 12:03:19.799  INFO 8488 --- [main] j.LocalContainerEntityManagerFactoryBean : Initialized JPA EntityManagerFactory for persistence unit 'default'
2021-08-15 12:03:20.654  INFO 8488 --- [main] s.w.s.m.m.a.RequestMappingHandlerAdapter : Looking for @ControllerAdvice: org.springframework.boot.context.embedded.AnnotationConfigEmbeddedWebApplicationContext@3098cf3b: startup date [Sun Aug 15 12:03:11 IST 2021]; root of context hierarchy
2021-08-15 12:03:20.819  INFO 8488 --- [main] s.w.s.m.m.a.RequestMappingHandlerMapping : Mapped "{[/departments/{id}],methods=[DELETE]}" onto public void com.employee.management.controller.DepartmentController.deleteDepartmentByID(com.employee.management.model.Department,int)
2021-08-15 12:03:20.823  INFO 8488 --- [main] s.w.s.m.m.a.RequestMappingHandlerMapping : Mapped "{[/departments/{id}],methods=[PATCH]}" onto public void com.employee.management.controller.DepartmentController.patchDepartmentByID(com.employee.management.model.Department,int)
2021-08-15 12:03:20.824  INFO 8488 --- [main] s.w.s.m.m.a.RequestMappingHandlerMapping : Mapped "{[/departments],methods=[DELETE]}" onto public void com.employee.management.controller.DepartmentController.deleteAllDepartments()
2021-08-15 12:03:20.825  INFO 8488 --- [main] s.w.s.m.m.a.RequestMappingHandlerMapping : Mapped "{[/departments],methods=[POST]}" onto public void com.employee.management.controller.DepartmentController.addDepartment(com.employee.management.model.Department)
2021-08-15 12:03:20.825  INFO 8488 --- [main] s.w.s.m.m.a.RequestMappingHandlerMapping : Mapped "{[/departments/{id}],methods=[GET]}" onto public com.employee.management.model.Department com.employee.management.controller.DepartmentController.getDepartment(int)
2021-08-15 12:03:20.827  INFO 8488 --- [main] s.w.s.m.m.a.RequestMappingHandlerMapping : Mapped "{[/departments],methods=[GET]}" onto public java.util.List<com.employee.management.model.Department> com.employee.management.controller.DepartmentController.getAllDepartment()
2021-08-15 12:03:20.828  INFO 8488 --- [main] s.w.s.m.m.a.RequestMappingHandlerMapping : Mapped "{[/departments/{id}],methods=[PUT]}" onto public void com.employee.management.controller.DepartmentController.updateDepartment(com.employee.management.model.Department,int)
2021-08-15 12:03:20.832  INFO 8488 --- [main] s.w.s.m.m.a.RequestMappingHandlerMapping : Mapped "{[/employees],methods=[DELETE]}" onto public void com.employee.management.controller.EmployeeController.deleteAllEmployees()
2021-08-15 12:03:20.832  INFO 8488 --- [main] s.w.s.m.m.a.RequestMappingHandlerMapping : Mapped "{[/employees/{id}],methods=[DELETE]}" onto public void com.employee.management.controller.EmployeeController.deleteEmployeeByID(int)
2021-08-15 12:03:20.832  INFO 8488 --- [main] s.w.s.m.m.a.RequestMappingHandlerMapping : Mapped "{[/employees/{id}],methods=[PATCH]}" onto public void com.employee.management.controller.EmployeeController.patchEmployeeByID(com.employee.management.model.Employee,int)
2021-08-15 12:03:20.833  INFO 8488 --- [main] s.w.s.m.m.a.RequestMappingHandlerMapping : Mapped "{[/employees],methods=[POST]}" onto public void com.employee.management.controller.EmployeeController.addEmployees(com.employee.management.model.Employee)
2021-08-15 12:03:20.833  INFO 8488 --- [main] s.w.s.m.m.a.RequestMappingHandlerMapping : Mapped "{[/employees/{id}],methods=[GET]}" onto public com.employee.management.model.Employee com.employee.management.controller.EmployeeController.getEmployee(int)
2021-08-15 12:03:20.834  INFO 8488 --- [main] s.w.s.m.m.a.RequestMappingHandlerMapping : Mapped "{[/employees],methods=[GET]}" onto public java.util.List<com.employee.management.model.Employee> com.employee.management.controller.EmployeeController.getAllEmployee()
2021-08-15 12:03:20.834  INFO 8488 --- [main] s.w.s.m.m.a.RequestMappingHandlerMapping : Mapped "{[/employees/{id}],methods=[PUT]}" onto public void com.employee.management.controller.EmployeeController.updateEmployee(com.employee.management.model.Employee,int)
2021-08-15 12:03:20.838  INFO 8488 --- [main] s.w.s.m.m.a.RequestMappingHandlerMapping : Mapped "{[/error]}" onto public org.springframework.http.ResponseEntity<java.util.Map<java.lang.String, java.lang.Object>> org.springframework.boot.autoconfigure.web.BasicErrorController.error(javax.servlet.http.HttpServletRequest)
2021-08-15 12:03:20.838  INFO 8488 --- [main] s.w.s.m.m.a.RequestMappingHandlerMapping : Mapped "{[/error],produces=[text/html]}" onto public org.springframework.web.servlet.ModelAndView org.springframework.boot.autoconfigure.web.BasicErrorController.errorHtml(javax.servlet.http.HttpServletRequest,javax.servlet.http.HttpServletResponse)
2021-08-15 12:03:20.899  INFO 8488 --- [main] o.s.w.s.h.SimpleUrlHandlerMapping        : Mapped URL path [/webjars/**] onto handler of type [class org.springframework.web.servlet.resource.ResourceHttpRequestHandler]
2021-08-15 12:03:20.899  INFO 8488 --- [main] o.s.w.s.h.SimpleUrlHandlerMapping        : Mapped URL path [/**] onto handler of type [class org.springframework.web.servlet.resource.ResourceHttpRequestHandler]
2021-08-15 12:03:20.963  INFO 8488 --- [main] o.s.w.s.h.SimpleUrlHandlerMapping        : Mapped URL path [/**/favicon.ico] onto handler of type [class org.springframework.web.servlet.resource.ResourceHttpRequestHandler]
2021-08-15 12:03:21.307  WARN 8488 --- [main] arterDeprecationWarningAutoConfiguration : spring-boot-starter-ws is deprecated as of Spring Boot 1.4, please migrate to spring-boot-starter-web-services
2021-08-15 12:03:21.368  INFO 8488 --- [main] o.s.j.e.a.AnnotationMBeanExporter        : Registering beans for JMX exposure on startup
2021-08-15 12:03:21.461  INFO 8488 --- [main] s.b.c.e.t.TomcatEmbeddedServletContainer : Tomcat started on port(s): 8080 (http)
2021-08-15 12:03:21.467  INFO 8488 --- [main] c.e.m.Application                        : Started Application in 10.274 seconds (JVM running for 12.671)
2021-08-15 12:03:28.696  INFO 8488 --- [http-nio-8080-exec-1] o.a.c.c.C.[.[.[/]                        : Initializing Spring FrameworkServlet 'dispatcherServlet'
2021-08-15 12:03:28.697  INFO 8488 --- [http-nio-8080-exec-1] o.s.w.s.DispatcherServlet                : FrameworkServlet 'dispatcherServlet': initialization started
2021-08-15 12:03:28.734  INFO 8488 --- [http-nio-8080-exec-1] o.s.w.s.DispatcherServlet                : FrameworkServlet 'dispatcherServlet': initialization completed in 37 ms
2021-08-15 12:14:52.345  INFO 8488 --- [RMI TCP Connection(2)-127.0.0.1] inMXBeanRegistrar$SpringApplicationAdmin : Application shutdown requested.
2021-08-15 12:14:52.345  INFO 8488 --- [RMI TCP Connection(2)-127.0.0.1] ationConfigEmbeddedWebApplicationContext : Closing org.springframework.boot.context.embedded.AnnotationConfigEmbeddedWebApplicationContext@3098cf3b: startup date [Sun Aug 15 12:03:11 IST 2021]; root of context hierarchy
2021-08-15 12:14:52.350  INFO 8488 --- [RMI TCP Connection(2)-127.0.0.1] o.s.j.e.a.AnnotationMBeanExporter        : Unregistering JMX-exposed beans on shutdown
2021-08-15 12:14:52.352  INFO 8488 --- [RMI TCP Connection(2)-127.0.0.1] j.LocalContainerEntityManagerFactoryBean : Closing JPA EntityManagerFactory for persistence unit 'default'
2021-08-15 12:15:28.241  INFO 3432 --- [main] c.e.m.Application                        : Starting Application on DESKTOP-VBFSHBG with PID 3432 (C:\Users\toish\Downloads\EmployeeManagement-master\EmployeeManagement-master\employee-management\target\classes started by toish in C:\Users\toish\Downloads\EmployeeManagement-master\EmployeeManagement-master\employee-management)
2021-08-15 12:15:28.245  INFO 3432 --- [main] c.e.m.Application                        : No active profile set, falling back to default profiles: default
2021-08-15 12:15:28.336  INFO 3432 --- [main] ationConfigEmbeddedWebApplicationContext : Refreshing org.springframework.boot.context.embedded.AnnotationConfigEmbeddedWebApplicationContext@aeab9a1: startup date [Sun Aug 15 12:15:28 IST 2021]; root of context hierarchy
2021-08-15 12:15:30.881  INFO 3432 --- [main] trationDelegate$BeanPostProcessorChecker : Bean 'org.springframework.ws.config.annotation.DelegatingWsConfiguration' of type [class org.springframework.ws.config.annotation.DelegatingWsConfiguration$$EnhancerBySpringCGLIB$$e8814e82] is not eligible for getting processed by all BeanPostProcessors (for example: not eligible for auto-proxying)
2021-08-15 12:15:30.942  INFO 3432 --- [main] .w.s.a.s.AnnotationActionEndpointMapping : Supporting [WS-Addressing August 2004, WS-Addressing 1.0]
2021-08-15 12:15:30.986  INFO 3432 --- [main] trationDelegate$BeanPostProcessorChecker : Bean 'org.springframework.transaction.annotation.ProxyTransactionManagementConfiguration' of type [class org.springframework.transaction.annotation.ProxyTransactionManagementConfiguration$$EnhancerBySpringCGLIB$$43e98983] is not eligible for getting processed by all BeanPostProcessors (for example: not eligible for auto-proxying)
2021-08-15 12:15:31.768  INFO 3432 --- [main] s.b.c.e.t.TomcatEmbeddedServletContainer : Tomcat initialized with port(s): 8080 (http)
2021-08-15 12:15:31.822  INFO 3432 --- [main] o.a.c.c.StandardService                  : Starting service Tomcat
2021-08-15 12:15:31.826  INFO 3432 --- [main] o.a.c.c.StandardEngine                   : Starting Servlet Engine: Apache Tomcat/8.5.11
2021-08-15 12:15:32.036  INFO 3432 --- [localhost-startStop-1] o.a.c.c.C.[.[.[/]                        : Initializing Spring embedded WebApplicationContext
2021-08-15 12:15:32.037  INFO 3432 --- [localhost-startStop-1] o.s.w.c.ContextLoader                    : Root WebApplicationContext: initialization completed in 3705 ms
2021-08-15 12:15:32.476  INFO 3432 --- [localhost-startStop-1] o.s.b.w.s.ServletRegistrationBean        : Mapping servlet: 'dispatcherServlet' to [/]
2021-08-15 12:15:32.479  INFO 3432 --- [localhost-startStop-1] o.s.b.w.s.ServletRegistrationBean        : Mapping servlet: 'messageDispatcherServlet' to [/services/*]
2021-08-15 12:15:32.482  INFO 3432 --- [localhost-startStop-1] o.s.b.w.s.FilterRegistrationBean         : Mapping filter: 'characterEncodingFilter' to: [/*]
2021-08-15 12:15:32.482  INFO 3432 --- [localhost-startStop-1] o.s.b.w.s.FilterRegistrationBean         : Mapping filter: 'hiddenHttpMethodFilter' to: [/*]
2021-08-15 12:15:32.484  INFO 3432 --- [localhost-startStop-1] o.s.b.w.s.FilterRegistrationBean         : Mapping filter: 'httpPutFormContentFilter' to: [/*]
2021-08-15 12:15:32.484  INFO 3432 --- [localhost-startStop-1] o.s.b.w.s.FilterRegistrationBean         : Mapping filter: 'requestContextFilter' to: [/*]
2021-08-15 12:15:32.956  INFO 3432 --- [main] j.LocalContainerEntityManagerFactoryBean : Building JPA container EntityManagerFactory for persistence unit 'default'
2021-08-15 12:15:36.698  INFO 3432 --- [main] j.LocalContainerEntityManagerFactoryBean : Initialized JPA EntityManagerFactory for persistence unit 'default'
2021-08-15 12:15:38.119  INFO 3432 --- [main] s.w.s.m.m.a.RequestMappingHandlerAdapter : Looking for @ControllerAdvice: org.springframework.boot.context.embedded.AnnotationConfigEmbeddedWebApplicationContext@aeab9a1: startup date [Sun Aug 15 12:15:28 IST 2021]; root of context hierarchy
2021-08-15 12:15:38.250  INFO 3432 --- [main] s.w.s.m.m.a.RequestMappingHandlerMapping : Mapped "{[/departments],methods=[POST]}" onto public void com.employee.management.controller.DepartmentController.addDepartment(com.employee.management.model.Department)
2021-08-15 12:15:38.252  INFO 3432 --- [main] s.w.s.m.m.a.RequestMappingHandlerMapping : Mapped "{[/departments],methods=[GET]}" onto public java.util.List<com.employee.management.model.Department> com.employee.management.controller.DepartmentController.getAllDepartment()
2021-08-15 12:15:38.252  INFO 3432 --- [main] s.w.s.m.m.a.RequestMappingHandlerMapping : Mapped "{[/departments/{id}],methods=[GET]}" onto public com.employee.management.model.Department com.employee.management.controller.DepartmentController.getDepartment(int)
2021-08-15 12:15:38.253  INFO 3432 --- [main] s.w.s.m.m.a.RequestMappingHandlerMapping : Mapped "{[/departments/{id}],methods=[PUT]}" onto public void com.employee.management.controller.DepartmentController.updateDepartment(com.employee.management.model.Department,int)
2021-08-15 12:15:38.255  INFO 3432 --- [main] s.w.s.m.m.a.RequestMappingHandlerMapping : Mapped "{[/departments],methods=[DELETE]}" onto public void com.employee.management.controller.DepartmentController.deleteAllDepartments()
2021-08-15 12:15:38.255  INFO 3432 --- [main] s.w.s.m.m.a.RequestMappingHandlerMapping : Mapped "{[/departments/{id}],methods=[PATCH]}" onto public void com.employee.management.controller.DepartmentController.patchDepartmentByID(com.employee.management.model.Department,int)
2021-08-15 12:15:38.256  INFO 3432 --- [main] s.w.s.m.m.a.RequestMappingHandlerMapping : Mapped "{[/departments/{id}],methods=[DELETE]}" onto public void com.employee.management.controller.DepartmentController.deleteDepartmentByID(com.employee.management.model.Department,int)
2021-08-15 12:15:38.258  INFO 3432 --- [main] s.w.s.m.m.a.RequestMappingHandlerMapping : Mapped "{[/employees],methods=[GET]}" onto public java.util.List<com.employee.management.model.Employee> com.employee.management.controller.EmployeeController.getAllEmployee()
2021-08-15 12:15:38.258  INFO 3432 --- [main] s.w.s.m.m.a.RequestMappingHandlerMapping : Mapped "{[/employees/{id}],methods=[GET]}" onto public com.employee.management.model.Employee com.employee.management.controller.EmployeeController.getEmployee(int)
2021-08-15 12:15:38.259  INFO 3432 --- [main] s.w.s.m.m.a.RequestMappingHandlerMapping : Mapped "{[/employees],methods=[POST]}" onto public void com.employee.management.controller.EmployeeController.addEmployees(com.employee.management.model.Employee)
2021-08-15 12:15:38.259  INFO 3432 --- [main] s.w.s.m.m.a.RequestMappingHandlerMapping : Mapped "{[/employees/{id}],methods=[PUT]}" onto public void com.employee.management.controller.EmployeeController.updateEmployee(com.employee.management.model.Employee,int)
2021-08-15 12:15:38.260  INFO 3432 --- [main] s.w.s.m.m.a.RequestMappingHandlerMapping : Mapped "{[/employees],methods=[DELETE]}" onto public void com.employee.management.controller.EmployeeController.deleteAllEmployees()
2021-08-15 12:15:38.260  INFO 3432 --- [main] s.w.s.m.m.a.RequestMappingHandlerMapping : Mapped "{[/employees/{id}],methods=[DELETE]}" onto public void com.employee.management.controller.EmployeeController.deleteEmployeeByID(int)
2021-08-15 12:15:38.261  INFO 3432 --- [main] s.w.s.m.m.a.RequestMappingHandlerMapping : Mapped "{[/employees/{id}],methods=[PATCH]}" onto public void com.employee.management.controller.EmployeeController.patchEmployeeByID(com.employee.management.model.Employee,int)
2021-08-15 12:15:38.264  INFO 3432 --- [main] s.w.s.m.m.a.RequestMappingHandlerMapping : Mapped "{[/error]}" onto public org.springframework.http.ResponseEntity<java.util.Map<java.lang.String, java.lang.Object>> org.springframework.boot.autoconfigure.web.BasicErrorController.error(javax.servlet.http.HttpServletRequest)
2021-08-15 12:15:38.264  INFO 3432 --- [main] s.w.s.m.m.a.RequestMappingHandlerMapping : Mapped "{[/error],produces=[text/html]}" onto public org.springframework.web.servlet.ModelAndView org.springframework.boot.autoconfigure.web.BasicErrorController.errorHtml(javax.servlet.http.HttpServletRequest,javax.servlet.http.HttpServletResponse)
2021-08-15 12:15:38.351  INFO 3432 --- [main] o.s.w.s.h.SimpleUrlHandlerMapping        : Mapped URL path [/webjars/**] onto handler of type [class org.springframework.web.servlet.resource.ResourceHttpRequestHandler]
2021-08-15 12:15:38.351  INFO 3432 --- [main] o.s.w.s.h.SimpleUrlHandlerMapping        : Mapped URL path [/**] onto handler of type [class org.springframework.web.servlet.resource.ResourceHttpRequestHandler]
2021-08-15 12:15:38.479  INFO 3432 --- [main] o.s.w.s.h.SimpleUrlHandlerMapping        : Mapped URL path [/**/favicon.ico] onto handler of type [class org.springframework.web.servlet.resource.ResourceHttpRequestHandler]
2021-08-15 12:15:39.142  WARN 3432 --- [main] arterDeprecationWarningAutoConfiguration : spring-boot-starter-ws is deprecated as of Spring Boot 1.4, please migrate to spring-boot-starter-web-services
2021-08-15 12:15:39.532  INFO 3432 --- [main] o.s.j.e.a.AnnotationMBeanExporter        : Registering beans for JMX exposure on startup
2021-08-15 12:15:39.669  INFO 3432 --- [main] s.b.c.e.t.TomcatEmbeddedServletContainer : Tomcat started on port(s): 8080 (http)
2021-08-15 12:15:39.683  INFO 3432 --- [main] c.e.m.Application                        : Started Application in 12.219 seconds (JVM running for 17.769)
2021-08-15 12:16:09.038  INFO 3432 --- [http-nio-8080-exec-2] o.a.c.c.C.[.[.[/]                        : Initializing Spring FrameworkServlet 'dispatcherServlet'
2021-08-15 12:16:09.039  INFO 3432 --- [http-nio-8080-exec-2] o.s.w.s.DispatcherServlet                : FrameworkServlet 'dispatcherServlet': initialization started
2021-08-15 12:16:09.127  INFO 3432 --- [http-nio-8080-exec-2] o.s.w.s.DispatcherServlet                : FrameworkServlet 'dispatcherServlet': initialization completed in 88 ms
2021-08-15 12:19:40.926  INFO 14740 --- [main] c.e.m.Application                        : Starting Application on DESKTOP-VBFSHBG with PID 14740 (C:\Users\toish\Downloads\EmployeeManagement-master\EmployeeManagement-master\employee-management\target\classes started by toish in C:\Users\toish\Downloads\EmployeeManagement-master\EmployeeManagement-master\employee-management)
2021-08-15 12:19:40.929  INFO 14740 --- [main] c.e.m.Application                        : No active profile set, falling back to default profiles: default
2021-08-15 12:19:40.995  INFO 14740 --- [main] ationConfigEmbeddedWebApplicationContext : Refreshing org.springframework.boot.context.embedded.AnnotationConfigEmbeddedWebApplicationContext@aeab9a1: startup date [Sun Aug 15 12:19:40 IST 2021]; root of context hierarchy
2021-08-15 12:19:43.496  INFO 14740 --- [main] trationDelegate$BeanPostProcessorChecker : Bean 'org.springframework.ws.config.annotation.DelegatingWsConfiguration' of type [class org.springframework.ws.config.annotation.DelegatingWsConfiguration$$EnhancerBySpringCGLIB$$ebf03d7] is not eligible for getting processed by all BeanPostProcessors (for example: not eligible for auto-proxying)
2021-08-15 12:19:43.581  INFO 14740 --- [main] .w.s.a.s.AnnotationActionEndpointMapping : Supporting [WS-Addressing August 2004, WS-Addressing 1.0]
2021-08-15 12:19:43.629  INFO 14740 --- [main] trationDelegate$BeanPostProcessorChecker : Bean 'org.springframework.transaction.annotation.ProxyTransactionManagementConfiguration' of type [class org.springframework.transaction.annotation.ProxyTransactionManagementConfiguration$$EnhancerBySpringCGLIB$$6a273ed8] is not eligible for getting processed by all BeanPostProcessors (for example: not eligible for auto-proxying)
2021-08-15 12:19:44.481  INFO 14740 --- [main] s.b.c.e.t.TomcatEmbeddedServletContainer : Tomcat initialized with port(s): 8080 (http)
2021-08-15 12:19:44.498  INFO 14740 --- [main] o.a.c.c.StandardService                  : Starting service Tomcat
2021-08-15 12:19:44.502  INFO 14740 --- [main] o.a.c.c.StandardEngine                   : Starting Servlet Engine: Apache Tomcat/8.5.11
2021-08-15 12:19:44.668  INFO 14740 --- [localhost-startStop-1] o.a.c.c.C.[.[.[/]                        : Initializing Spring embedded WebApplicationContext
2021-08-15 12:19:44.670  INFO 14740 --- [localhost-startStop-1] o.s.w.c.ContextLoader                    : Root WebApplicationContext: initialization completed in 3679 ms
2021-08-15 12:19:45.082  INFO 14740 --- [localhost-startStop-1] o.s.b.w.s.ServletRegistrationBean        : Mapping servlet: 'dispatcherServlet' to [/]
2021-08-15 12:19:45.092  INFO 14740 --- [localhost-startStop-1] o.s.b.w.s.ServletRegistrationBean        : Mapping servlet: 'messageDispatcherServlet' to [/services/*]
2021-08-15 12:19:45.096  INFO 14740 --- [localhost-startStop-1] o.s.b.w.s.FilterRegistrationBean         : Mapping filter: 'characterEncodingFilter' to: [/*]
2021-08-15 12:19:45.100  INFO 14740 --- [localhost-startStop-1] o.s.b.w.s.FilterRegistrationBean         : Mapping filter: 'hiddenHttpMethodFilter' to: [/*]
2021-08-15 12:19:45.100  INFO 14740 --- [localhost-startStop-1] o.s.b.w.s.FilterRegistrationBean         : Mapping filter: 'httpPutFormContentFilter' to: [/*]
2021-08-15 12:19:45.100  INFO 14740 --- [localhost-startStop-1] o.s.b.w.s.FilterRegistrationBean         : Mapping filter: 'requestContextFilter' to: [/*]
2021-08-15 12:19:45.637  INFO 14740 --- [main] j.LocalContainerEntityManagerFactoryBean : Building JPA container EntityManagerFactory for persistence unit 'default'
2021-08-15 12:19:49.662  INFO 14740 --- [main] j.LocalContainerEntityManagerFactoryBean : Initialized JPA EntityManagerFactory for persistence unit 'default'
2021-08-15 12:19:50.514  INFO 14740 --- [main] s.w.s.m.m.a.RequestMappingHandlerAdapter : Looking for @ControllerAdvice: org.springframework.boot.context.embedded.AnnotationConfigEmbeddedWebApplicationContext@aeab9a1: startup date [Sun Aug 15 12:19:40 IST 2021]; root of context hierarchy
2021-08-15 12:19:50.667  INFO 14740 --- [main] s.w.s.m.m.a.RequestMappingHandlerMapping : Mapped "{[/departments/{id}],methods=[GET]}" onto public com.employee.management.model.Department com.employee.management.controller.DepartmentController.getDepartment(int)
2021-08-15 12:19:50.669  INFO 14740 --- [main] s.w.s.m.m.a.RequestMappingHandlerMapping : Mapped "{[/departments],methods=[POST]}" onto public void com.employee.management.controller.DepartmentController.addDepartment(com.employee.management.model.Department)
2021-08-15 12:19:50.670  INFO 14740 --- [main] s.w.s.m.m.a.RequestMappingHandlerMapping : Mapped "{[/departments],methods=[GET]}" onto public java.util.List<com.employee.management.model.Department> com.employee.management.controller.DepartmentController.getAllDepartment()
2021-08-15 12:19:50.671  INFO 14740 --- [main] s.w.s.m.m.a.RequestMappingHandlerMapping : Mapped "{[/departments/{id}],methods=[PUT]}" onto public void com.employee.management.controller.DepartmentController.updateDepartment(com.employee.management.model.Department,int)
2021-08-15 12:19:50.672  INFO 14740 --- [main] s.w.s.m.m.a.RequestMappingHandlerMapping : Mapped "{[/departments],methods=[DELETE]}" onto public void com.employee.management.controller.DepartmentController.deleteAllDepartments()
2021-08-15 12:19:50.672  INFO 14740 --- [main] s.w.s.m.m.a.RequestMappingHandlerMapping : Mapped "{[/departments/{id}],methods=[PATCH]}" onto public void com.employee.management.controller.DepartmentController.patchDepartmentByID(com.employee.management.model.Department,int)
2021-08-15 12:19:50.673  INFO 14740 --- [main] s.w.s.m.m.a.RequestMappingHandlerMapping : Mapped "{[/departments/{id}],methods=[DELETE]}" onto public void com.employee.management.controller.DepartmentController.deleteDepartmentByID(com.employee.management.model.Department,int)
2021-08-15 12:19:50.677  INFO 14740 --- [main] s.w.s.m.m.a.RequestMappingHandlerMapping : Mapped "{[/employees],methods=[POST]}" onto public void com.employee.management.controller.EmployeeController.addEmployees(com.employee.management.model.Employee)
2021-08-15 12:19:50.677  INFO 14740 --- [main] s.w.s.m.m.a.RequestMappingHandlerMapping : Mapped "{[/employees/{id}],methods=[GET]}" onto public com.employee.management.model.Employee com.employee.management.controller.EmployeeController.getEmployee(int)
2021-08-15 12:19:50.678  INFO 14740 --- [main] s.w.s.m.m.a.RequestMappingHandlerMapping : Mapped "{[/employees],methods=[GET]}" onto public java.util.List<com.employee.management.model.Employee> com.employee.management.controller.EmployeeController.getAllEmployee()
2021-08-15 12:19:50.678  INFO 14740 --- [main] s.w.s.m.m.a.RequestMappingHandlerMapping : Mapped "{[/employees/{id}],methods=[PUT]}" onto public void com.employee.management.controller.EmployeeController.updateEmployee(com.employee.management.model.Employee,int)
2021-08-15 12:19:50.679  INFO 14740 --- [main] s.w.s.m.m.a.RequestMappingHandlerMapping : Mapped "{[/employees],methods=[DELETE]}" onto public void com.employee.management.controller.EmployeeController.deleteAllEmployees()
2021-08-15 12:19:50.680  INFO 14740 --- [main] s.w.s.m.m.a.RequestMappingHandlerMapping : Mapped "{[/employees/{id}],methods=[DELETE]}" onto public void com.employee.management.controller.EmployeeController.deleteEmployeeByID(int)
2021-08-15 12:19:50.681  INFO 14740 --- [main] s.w.s.m.m.a.RequestMappingHandlerMapping : Mapped "{[/employees/{id}],methods=[PATCH]}" onto public void com.employee.management.controller.EmployeeController.patchEmployeeByID(com.employee.management.model.Employee,int)
2021-08-15 12:19:50.686  INFO 14740 --- [main] s.w.s.m.m.a.RequestMappingHandlerMapping : Mapped "{[/error]}" onto public org.springframework.http.ResponseEntity<java.util.Map<java.lang.String, java.lang.Object>> org.springframework.boot.autoconfigure.web.BasicErrorController.error(javax.servlet.http.HttpServletRequest)
2021-08-15 12:19:50.687  INFO 14740 --- [main] s.w.s.m.m.a.RequestMappingHandlerMapping : Mapped "{[/error],produces=[text/html]}" onto public org.springframework.web.servlet.ModelAndView org.springframework.boot.autoconfigure.web.BasicErrorController.errorHtml(javax.servlet.http.HttpServletRequest,javax.servlet.http.HttpServletResponse)
2021-08-15 12:19:50.766  INFO 14740 --- [main] o.s.w.s.h.SimpleUrlHandlerMapping        : Mapped URL path [/webjars/**] onto handler of type [class org.springframework.web.servlet.resource.ResourceHttpRequestHandler]
2021-08-15 12:19:50.766  INFO 14740 --- [main] o.s.w.s.h.SimpleUrlHandlerMapping        : Mapped URL path [/**] onto handler of type [class org.springframework.web.servlet.resource.ResourceHttpRequestHandler]
2021-08-15 12:19:50.882  INFO 14740 --- [main] o.s.w.s.h.SimpleUrlHandlerMapping        : Mapped URL path [/**/favicon.ico] onto handler of type [class org.springframework.web.servlet.resource.ResourceHttpRequestHandler]
2021-08-15 12:19:51.568  WARN 14740 --- [main] arterDeprecationWarningAutoConfiguration : spring-boot-starter-ws is deprecated as of Spring Boot 1.4, please migrate to spring-boot-starter-web-services
2021-08-15 12:19:51.985  INFO 14740 --- [main] o.s.j.e.a.AnnotationMBeanExporter        : Registering beans for JMX exposure on startup
2021-08-15 12:19:52.074  INFO 14740 --- [main] s.b.c.e.t.TomcatEmbeddedServletContainer : Tomcat started on port(s): 8080 (http)
2021-08-15 12:19:52.082  INFO 14740 --- [main] c.e.m.Application                        : Started Application in 11.943 seconds (JVM running for 14.424)
2021-08-15 12:21:55.561  INFO 14740 --- [http-nio-8080-exec-1] o.a.c.c.C.[.[.[/]                        : Initializing Spring FrameworkServlet 'dispatcherServlet'
2021-08-15 12:21:55.561  INFO 14740 --- [http-nio-8080-exec-1] o.s.w.s.DispatcherServlet                : FrameworkServlet 'dispatcherServlet': initialization started
2021-08-15 12:21:55.642  INFO 14740 --- [http-nio-8080-exec-1] o.s.w.s.DispatcherServlet                : FrameworkServlet 'dispatcherServlet': initialization completed in 81 ms
2021-08-15 12:23:22.322 ERROR 14740 --- [http-nio-8080-exec-7] o.a.c.c.C.[.[.[.[dispatcherServlet]      : Servlet.service() for servlet [dispatcherServlet] in context with path [] threw exception [Request processing failed; nested exception is org.springframework.orm.jpa.JpaObjectRetrievalFailureException: Unable to find com.employee.management.model.Department with id 4; nested exception is javax.persistence.EntityNotFoundException: Unable to find com.employee.management.model.Department with id 4] with root cause

javax.persistence.EntityNotFoundException: Unable to find com.employee.management.model.Department with id 4
	at org.hibernate.jpa.boot.internal.EntityManagerFactoryBuilderImpl$JpaEntityNotFoundDelegate.handleEntityNotFound(EntityManagerFactoryBuilderImpl.java:144) ~[hibernate-entitymanager-5.0.11.Final.jar:5.0.11.Final]
	at org.hibernate.event.internal.DefaultLoadEventListener.load(DefaultLoadEventListener.java:227) ~[hibernate-core-5.0.11.Final.jar:5.0.11.Final]
	at org.hibernate.event.internal.DefaultLoadEventListener.proxyOrLoad(DefaultLoadEventListener.java:278) ~[hibernate-core-5.0.11.Final.jar:5.0.11.Final]
	at org.hibernate.event.internal.DefaultLoadEventListener.doOnLoad(DefaultLoadEventListener.java:121) ~[hibernate-core-5.0.11.Final.jar:5.0.11.Final]
	at org.hibernate.event.internal.DefaultLoadEventListener.onLoad(DefaultLoadEventListener.java:89) ~[hibernate-core-5.0.11.Final.jar:5.0.11.Final]
	at org.hibernate.internal.SessionImpl.fireLoad(SessionImpl.java:1129) ~[hibernate-core-5.0.11.Final.jar:5.0.11.Final]
	at org.hibernate.internal.SessionImpl.internalLoad(SessionImpl.java:1022) ~[hibernate-core-5.0.11.Final.jar:5.0.11.Final]
	at org.hibernate.type.EntityType.resolveIdentifier(EntityType.java:639) ~[hibernate-core-5.0.11.Final.jar:5.0.11.Final]
	at org.hibernate.type.EntityType.resolve(EntityType.java:431) ~[hibernate-core-5.0.11.Final.jar:5.0.11.Final]
	at org.hibernate.type.EntityType.replace(EntityType.java:330) ~[hibernate-core-5.0.11.Final.jar:5.0.11.Final]
	at org.hibernate.type.AbstractType.replace(AbstractType.java:147) ~[hibernate-core-5.0.11.Final.jar:5.0.11.Final]
	at org.hibernate.type.TypeHelper.replace(TypeHelper.java:211) ~[hibernate-core-5.0.11.Final.jar:5.0.11.Final]
	at org.hibernate.event.internal.DefaultMergeEventListener.copyValues(DefaultMergeEventListener.java:438) ~[hibernate-core-5.0.11.Final.jar:5.0.11.Final]
	at org.hibernate.event.internal.DefaultMergeEventListener.entityIsTransient(DefaultMergeEventListener.java:233) ~[hibernate-core-5.0.11.Final.jar:5.0.11.Final]
	at org.hibernate.event.internal.DefaultMergeEventListener.entityIsDetached(DefaultMergeEventListener.java:301) ~[hibernate-core-5.0.11.Final.jar:5.0.11.Final]
	at org.hibernate.event.internal.DefaultMergeEventListener.onMerge(DefaultMergeEventListener.java:170) ~[hibernate-core-5.0.11.Final.jar:5.0.11.Final]
	at org.hibernate.event.internal.DefaultMergeEventListener.onMerge(DefaultMergeEventListener.java:69) ~[hibernate-core-5.0.11.Final.jar:5.0.11.Final]
	at org.hibernate.internal.SessionImpl.fireMerge(SessionImpl.java:840) ~[hibernate-core-5.0.11.Final.jar:5.0.11.Final]
	at org.hibernate.internal.SessionImpl.merge(SessionImpl.java:822) ~[hibernate-core-5.0.11.Final.jar:5.0.11.Final]
	at org.hibernate.internal.SessionImpl.merge(SessionImpl.java:827) ~[hibernate-core-5.0.11.Final.jar:5.0.11.Final]
	at org.hibernate.jpa.spi.AbstractEntityManagerImpl.merge(AbstractEntityManagerImpl.java:1161) ~[hibernate-entitymanager-5.0.11.Final.jar:5.0.11.Final]
	at sun.reflect.NativeMethodAccessorImpl.invoke0(Native Method) ~[?:1.8.0_201]
	at sun.reflect.NativeMethodAccessorImpl.invoke(NativeMethodAccessorImpl.java:62) ~[?:1.8.0_201]
	at sun.reflect.DelegatingMethodAccessorImpl.invoke(DelegatingMethodAccessorImpl.java:43) ~[?:1.8.0_201]
	at java.lang.reflect.Method.invoke(Method.java:498) ~[?:1.8.0_201]
	at org.springframework.orm.jpa.ExtendedEntityManagerCreator$ExtendedEntityManagerInvocationHandler.invoke(ExtendedEntityManagerCreator.java:347) ~[spring-orm-4.3.6.RELEASE.jar:4.3.6.RELEASE]
	at com.sun.proxy.$Proxy100.merge(Unknown Source) ~[?:?]
	at sun.reflect.NativeMethodAccessorImpl.invoke0(Native Method) ~[?:1.8.0_201]
	at sun.reflect.NativeMethodAccessorImpl.invoke(NativeMethodAccessorImpl.java:62) ~[?:1.8.0_201]
	at sun.reflect.DelegatingMethodAccessorImpl.invoke(DelegatingMethodAccessorImpl.java:43) ~[?:1.8.0_201]
	at java.lang.reflect.Method.invoke(Method.java:498) ~[?:1.8.0_201]
	at org.springframework.orm.jpa.SharedEntityManagerCreator$SharedEntityManagerInvocationHandler.invoke(SharedEntityManagerCreator.java:298) ~[spring-orm-4.3.6.RELEASE.jar:4.3.6.RELEASE]
	at com.sun.proxy.$Proxy100.merge(Unknown Source) ~[?:?]
	at org.springframework.data.jpa.repository.support.SimpleJpaRepository.save(SimpleJpaRepository.java:509) ~[spring-data-jpa-1.10.7.RELEASE.jar:?]
	at sun.reflect.NativeMethodAccessorImpl.invoke0(Native Method) ~[?:1.8.0_201]
	at sun.reflect.NativeMethodAccessorImpl.invoke(NativeMethodAccessorImpl.java:62) ~[?:1.8.0_201]
	at sun.reflect.DelegatingMethodAccessorImpl.invoke(DelegatingMethodAccessorImpl.java:43) ~[?:1.8.0_201]
	at java.lang.reflect.Method.invoke(Method.java:498) ~[?:1.8.0_201]
	at org.springframework.data.repository.core.support.RepositoryFactorySupport$QueryExecutorMethodInterceptor.executeMethodOn(RepositoryFactorySupport.java:503) ~[spring-data-commons-1.12.7.RELEASE.jar:?]
	at org.springframework.data.repository.core.support.RepositoryFactorySupport$QueryExecutorMethodInterceptor.doInvoke(RepositoryFactorySupport.java:488) ~[spring-data-commons-1.12.7.RELEASE.jar:?]
	at org.springframework.data.repository.core.support.RepositoryFactorySupport$QueryExecutorMethodInterceptor.invoke(RepositoryFactorySupport.java:460) ~[spring-data-commons-1.12.7.RELEASE.jar:?]
	at org.springframework.aop.framework.ReflectiveMethodInvocation.proceed(ReflectiveMethodInvocation.java:179) ~[spring-aop-4.3.6.RELEASE.jar:4.3.6.RELEASE]
	at org.springframework.data.projection.DefaultMethodInvokingMethodInterceptor.invoke(DefaultMethodInvokingMethodInterceptor.java:61) ~[spring-data-commons-1.12.7.RELEASE.jar:?]
	at org.springframework.aop.framework.ReflectiveMethodInvocation.proceed(ReflectiveMethodInvocation.java:179) ~[spring-aop-4.3.6.RELEASE.jar:4.3.6.RELEASE]
	at org.springframework.transaction.interceptor.TransactionInterceptor$1.proceedWithInvocation(TransactionInterceptor.java:99) ~[spring-tx-4.3.6.RELEASE.jar:4.3.6.RELEASE]
	at org.springframework.transaction.interceptor.TransactionAspectSupport.invokeWithinTransaction(TransactionAspectSupport.java:282) ~[spring-tx-4.3.6.RELEASE.jar:4.3.6.RELEASE]
	at org.springframework.transaction.interceptor.TransactionInterceptor.invoke(TransactionInterceptor.java:96) ~[spring-tx-4.3.6.RELEASE.jar:4.3.6.RELEASE]
	at org.springframework.aop.framework.ReflectiveMethodInvocation.proceed(ReflectiveMethodInvocation.java:179) ~[spring-aop-4.3.6.RELEASE.jar:4.3.6.RELEASE]
	at org.springframework.dao.support.PersistenceExceptionTranslationInterceptor.invoke(PersistenceExceptionTranslationInterceptor.java:136) ~[spring-tx-4.3.6.RELEASE.jar:4.3.6.RELEASE]
	at org.springframework.aop.framework.ReflectiveMethodInvocation.proceed(ReflectiveMethodInvocation.java:179) ~[spring-aop-4.3.6.RELEASE.jar:4.3.6.RELEASE]
	at org.springframework.data.jpa.repository.support.CrudMethodMetadataPostProcessor$CrudMethodMetadataPopulatingMethodInterceptor.invoke(CrudMethodMetadataPostProcessor.java:133) ~[spring-data-jpa-1.10.7.RELEASE.jar:?]
	at org.springframework.aop.framework.ReflectiveMethodInvocation.proceed(ReflectiveMethodInvocation.java:179) ~[spring-aop-4.3.6.RELEASE.jar:4.3.6.RELEASE]
	at org.springframework.aop.interceptor.ExposeInvocationInterceptor.invoke(ExposeInvocationInterceptor.java:92) ~[spring-aop-4.3.6.RELEASE.jar:4.3.6.RELEASE]
	at org.springframework.aop.framework.ReflectiveMethodInvocation.proceed(ReflectiveMethodInvocation.java:179) ~[spring-aop-4.3.6.RELEASE.jar:4.3.6.RELEASE]
	at org.springframework.aop.framework.JdkDynamicAopProxy.invoke(JdkDynamicAopProxy.java:213) ~[spring-aop-4.3.6.RELEASE.jar:4.3.6.RELEASE]
	at com.sun.proxy.$Proxy106.save(Unknown Source) ~[?:?]
	at com.employee.management.service.EmployeeService.addEmployee(EmployeeService.java:29) ~[classes/:?]
	at com.employee.management.controller.EmployeeController.addEmployees(EmployeeController.java:43) ~[classes/:?]
	at sun.reflect.NativeMethodAccessorImpl.invoke0(Native Method) ~[?:1.8.0_201]
	at sun.reflect.NativeMethodAccessorImpl.invoke(NativeMethodAccessorImpl.java:62) ~[?:1.8.0_201]
	at sun.reflect.DelegatingMethodAccessorImpl.invoke(DelegatingMethodAccessorImpl.java:43) ~[?:1.8.0_201]
	at java.lang.reflect.Method.invoke(Method.java:498) ~[?:1.8.0_201]
	at org.springframework.web.method.support.InvocableHandlerMethod.doInvoke(InvocableHandlerMethod.java:205) ~[spring-web-4.3.6.RELEASE.jar:4.3.6.RELEASE]
	at org.springframework.web.method.support.InvocableHandlerMethod.invokeForRequest(InvocableHandlerMethod.java:133) ~[spring-web-4.3.6.RELEASE.jar:4.3.6.RELEASE]
	at org.springframework.web.servlet.mvc.method.annotation.ServletInvocableHandlerMethod.invokeAndHandle(ServletInvocableHandlerMethod.java:116) ~[spring-webmvc-4.3.6.RELEASE.jar:4.3.6.RELEASE]
	at org.springframework.web.servlet.mvc.method.annotation.RequestMappingHandlerAdapter.invokeHandlerMethod(RequestMappingHandlerAdapter.java:827) ~[spring-webmvc-4.3.6.RELEASE.jar:4.3.6.RELEASE]
	at org.springframework.web.servlet.mvc.method.annotation.RequestMappingHandlerAdapter.handleInternal(RequestMappingHandlerAdapter.java:738) ~[spring-webmvc-4.3.6.RELEASE.jar:4.3.6.RELEASE]
	at org.springframework.web.servlet.mvc.method.AbstractHandlerMethodAdapter.handle(AbstractHandlerMethodAdapter.java:85) ~[spring-webmvc-4.3.6.RELEASE.jar:4.3.6.RELEASE]
	at org.springframework.web.servlet.DispatcherServlet.doDispatch(DispatcherServlet.java:963) ~[spring-webmvc-4.3.6.RELEASE.jar:4.3.6.RELEASE]
	at org.springframework.web.servlet.DispatcherServlet.doService(DispatcherServlet.java:897) ~[spring-webmvc-4.3.6.RELEASE.jar:4.3.6.RELEASE]
	at org.springframework.web.servlet.FrameworkServlet.processRequest(FrameworkServlet.java:970) ~[spring-webmvc-4.3.6.RELEASE.jar:4.3.6.RELEASE]
	at org.springframework.web.servlet.FrameworkServlet.doPost(FrameworkServlet.java:872) ~[spring-webmvc-4.3.6.RELEASE.jar:4.3.6.RELEASE]
	at javax.servlet.http.HttpServlet.service(HttpServlet.java:648) ~[tomcat-embed-core-8.5.11.jar:8.5.11]
	at org.springframework.web.servlet.FrameworkServlet.service(FrameworkServlet.java:846) ~[spring-webmvc-4.3.6.RELEASE.jar:4.3.6.RELEASE]
	at javax.servlet.http.HttpServlet.service(HttpServlet.java:729) ~[tomcat-embed-core-8.5.11.jar:8.5.11]
	at org.apache.catalina.core.ApplicationFilterChain.internalDoFilter(ApplicationFilterChain.java:230) ~[tomcat-embed-core-8.5.11.jar:8.5.11]
	at org.apache.catalina.core.ApplicationFilterChain.doFilter(ApplicationFilterChain.java:165) ~[tomcat-embed-core-8.5.11.jar:8.5.11]
	at org.apache.tomcat.websocket.server.WsFilter.doFilter(WsFilter.java:52) ~[tomcat-embed-websocket-8.5.11.jar:8.5.11]
	at org.apache.catalina.core.ApplicationFilterChain.internalDoFilter(ApplicationFilterChain.java:192) ~[tomcat-embed-core-8.5.11.jar:8.5.11]
	at org.apache.catalina.core.ApplicationFilterChain.doFilter(ApplicationFilterChain.java:165) ~[tomcat-embed-core-8.5.11.jar:8.5.11]
	at org.springframework.web.filter.RequestContextFilter.doFilterInternal(RequestContextFilter.java:99) ~[spring-web-4.3.6.RELEASE.jar:4.3.6.RELEASE]
	at org.springframework.web.filter.OncePerRequestFilter.doFilter(OncePerRequestFilter.java:107) ~[spring-web-4.3.6.RELEASE.jar:4.3.6.RELEASE]
	at org.apache.catalina.core.ApplicationFilterChain.internalDoFilter(ApplicationFilterChain.java:192) ~[tomcat-embed-core-8.5.11.jar:8.5.11]
	at org.apache.catalina.core.ApplicationFilterChain.doFilter(ApplicationFilterChain.java:165) ~[tomcat-embed-core-8.5.11.jar:8.5.11]
	at org.springframework.web.filter.HttpPutFormContentFilter.doFilterInternal(HttpPutFormContentFilter.java:105) ~[spring-web-4.3.6.RELEASE.jar:4.3.6.RELEASE]
	at org.springframework.web.filter.OncePerRequestFilter.doFilter(OncePerRequestFilter.java:107) ~[spring-web-4.3.6.RELEASE.jar:4.3.6.RELEASE]
	at org.apache.catalina.core.ApplicationFilterChain.internalDoFilter(ApplicationFilterChain.java:192) ~[tomcat-embed-core-8.5.11.jar:8.5.11]
	at org.apache.catalina.core.ApplicationFilterChain.doFilter(ApplicationFilterChain.java:165) ~[tomcat-embed-core-8.5.11.jar:8.5.11]
	at org.springframework.web.filter.HiddenHttpMethodFilter.doFilterInternal(HiddenHttpMethodFilter.java:81) ~[spring-web-4.3.6.RELEASE.jar:4.3.6.RELEASE]
	at org.springframework.web.filter.OncePerRequestFilter.doFilter(OncePerRequestFilter.java:107) ~[spring-web-4.3.6.RELEASE.jar:4.3.6.RELEASE]
	at org.apache.catalina.core.ApplicationFilterChain.internalDoFilter(ApplicationFilterChain.java:192) ~[tomcat-embed-core-8.5.11.jar:8.5.11]
	at org.apache.catalina.core.ApplicationFilterChain.doFilter(ApplicationFilterChain.java:165) ~[tomcat-embed-core-8.5.11.jar:8.5.11]
	at org.springframework.web.filter.CharacterEncodingFilter.doFilterInternal(CharacterEncodingFilter.java:197) ~[spring-web-4.3.6.RELEASE.jar:4.3.6.RELEASE]
	at org.springframework.web.filter.OncePerRequestFilter.doFilter(OncePerRequestFilter.java:107) ~[spring-web-4.3.6.RELEASE.jar:4.3.6.RELEASE]
	at org.apache.catalina.core.ApplicationFilterChain.internalDoFilter(ApplicationFilterChain.java:192) ~[tomcat-embed-core-8.5.11.jar:8.5.11]
	at org.apache.catalina.core.ApplicationFilterChain.doFilter(ApplicationFilterChain.java:165) ~[tomcat-embed-core-8.5.11.jar:8.5.11]
	at org.apache.catalina.core.StandardWrapperValve.invoke(StandardWrapperValve.java:198) [tomcat-embed-core-8.5.11.jar:8.5.11]
	at org.apache.catalina.core.StandardContextValve.invoke(StandardContextValve.java:96) [tomcat-embed-core-8.5.11.jar:8.5.11]
	at org.apache.catalina.authenticator.AuthenticatorBase.invoke(AuthenticatorBase.java:474) [tomcat-embed-core-8.5.11.jar:8.5.11]
	at org.apache.catalina.core.StandardHostValve.invoke(StandardHostValve.java:140) [tomcat-embed-core-8.5.11.jar:8.5.11]
	at org.apache.catalina.valves.ErrorReportValve.invoke(ErrorReportValve.java:79) [tomcat-embed-core-8.5.11.jar:8.5.11]
	at org.apache.catalina.core.StandardEngineValve.invoke(StandardEngineValve.java:87) [tomcat-embed-core-8.5.11.jar:8.5.11]
	at org.apache.catalina.connector.CoyoteAdapter.service(CoyoteAdapter.java:349) [tomcat-embed-core-8.5.11.jar:8.5.11]
	at org.apache.coyote.http11.Http11Processor.service(Http11Processor.java:783) [tomcat-embed-core-8.5.11.jar:8.5.11]
	at org.apache.coyote.AbstractProcessorLight.process(AbstractProcessorLight.java:66) [tomcat-embed-core-8.5.11.jar:8.5.11]
	at org.apache.coyote.AbstractProtocol$ConnectionHandler.process(AbstractProtocol.java:798) [tomcat-embed-core-8.5.11.jar:8.5.11]
	at org.apache.tomcat.util.net.NioEndpoint$SocketProcessor.doRun(NioEndpoint.java:1434) [tomcat-embed-core-8.5.11.jar:8.5.11]
	at org.apache.tomcat.util.net.SocketProcessorBase.run(SocketProcessorBase.java:49) [tomcat-embed-core-8.5.11.jar:8.5.11]
	at java.util.concurrent.ThreadPoolExecutor.runWorker(ThreadPoolExecutor.java:1149) [?:1.8.0_201]
	at java.util.concurrent.ThreadPoolExecutor$Worker.run(ThreadPoolExecutor.java:624) [?:1.8.0_201]
	at org.apache.tomcat.util.threads.TaskThread$WrappingRunnable.run(TaskThread.java:61) [tomcat-embed-core-8.5.11.jar:8.5.11]
	at java.lang.Thread.run(Thread.java:748) [?:1.8.0_201]

